d:\dane\gry\games\games\gamebackgammon\release\backgammon.pch
d:\dane\gry\games\games\gamebackgammon\release\vc140.pdb
d:\dane\gry\games\games\gamebackgammon\release\stdafx.obj
d:\dane\gry\games\games\gamebackgammon\release\player.obj
d:\dane\gry\games\games\gamebackgammon\release\game.obj
d:\dane\gry\games\games\gamebackgammon\release\board.obj
d:\dane\gry\games\games\gamebackgammon\release\backgammonplayer.obj
d:\dane\gry\games\games\gamebackgammon\release\backgammongame.obj
d:\dane\gry\games\games\gamebackgammon\release\backgammonboard.obj
d:\dane\gry\games\games\gamebackgammon\release\backgammonai.obj
d:\dane\gry\games\games\gamebackgammon\release\backgammon.obj
d:\dane\gry\games\games\gamebackgammon\release\assemblyinfo.obj
d:\dane\gry\games\games\gamebackgammon\release\ai.obj
d:\dane\gry\games\games\gamebackgammon\release\.netframework,version=v4.5.2.assemblyattributes.obj
d:\dane\gry\games\games\gamebackgammon\release\.netframework,version=v4.5.2.assemblyattributes.asm
d:\sources\github\console-games\gamebackgammon\release\backgammon.pch
d:\sources\github\console-games\gamebackgammon\release\vc140.pdb
d:\sources\github\console-games\gamebackgammon\release\stdafx.obj
d:\sources\github\console-games\gamebackgammon\release\player.obj
d:\sources\github\console-games\gamebackgammon\release\game.obj
d:\sources\github\console-games\gamebackgammon\release\board.obj
d:\sources\github\console-games\gamebackgammon\release\backgammonplayer.obj
d:\sources\github\console-games\gamebackgammon\release\backgammon.obj
d:\sources\github\console-games\gamebackgammon\release\backgammongame.obj
d:\sources\github\console-games\gamebackgammon\release\backgammonboard.obj
d:\sources\github\console-games\gamebackgammon\release\backgammonai.obj
d:\sources\github\console-games\gamebackgammon\release\assemblyinfo.obj
d:\sources\github\console-games\gamebackgammon\release\ai.obj
d:\dane\gry\games\games\release\backgammon.exe
d:\dane\gry\games\games\release\backgammon.pdb
d:\sources\github\console-games\release\backgammon.exe
d:\sources\github\console-games\release\backgammon.pdb
d:\dane\gry\games\games\gamebackgammon\release\app.res
d:\sources\github\console-games\gamebackgammon\release\app.res
d:\sources\github\console-games\gamebackgammon\release\gamebackgammon.vcxprojresolveassemblyreference.cache
d:\sources\github\console-games\gamebackgammon\release\.netframework,version=v4.5.2.assemblyattributes.obj
d:\sources\github\console-games\gamebackgammon\release\backgammon.tlog\cl.command.1.tlog
d:\sources\github\console-games\gamebackgammon\release\backgammon.tlog\cl.read.1.tlog
d:\sources\github\console-games\gamebackgammon\release\backgammon.tlog\cl.write.1.tlog
d:\sources\github\console-games\gamebackgammon\release\backgammon.tlog\link.command.1.tlog
d:\sources\github\console-games\gamebackgammon\release\backgammon.tlog\link.read.1.tlog
d:\sources\github\console-games\gamebackgammon\release\backgammon.tlog\link.write.1.tlog
d:\sources\github\console-games\gamebackgammon\release\backgammon.tlog\metagen.read.1.tlog
d:\sources\github\console-games\gamebackgammon\release\backgammon.tlog\metagen.write.1.tlog
d:\sources\github\console-games\gamebackgammon\release\backgammon.tlog\rc.command.1.tlog
d:\sources\github\console-games\gamebackgammon\release\backgammon.tlog\rc.read.1.tlog
d:\sources\github\console-games\gamebackgammon\release\backgammon.tlog\rc.write.1.tlog
d:\sources\github\console-games\gamebackgammon\release\backgammon.tlog\tzres.dll.bi
