Build started 2012-08-04 16:12:05.
     1>Project "C:\Sources\Gry\Games\Games\GameTicTacToe\GameTicTacToe.vcxproj" on node 2 (rebuild target(s)).
     1>_PrepareForClean:
         Deleting file "Debug\TicTacToe.lastbuildstate".
       InitializeBuildStatus:
         Creating "Debug\TicTacToe.unsuccessfulbuild" because "AlwaysCreate" was specified.
       GenerateTargetFrameworkMonikerAttribute:
       Skipping target "GenerateTargetFrameworkMonikerAttribute" because all output files are up-to-date with respect to the input files.
       ClCompile:
         c:\Program Files\Microsoft Visual Studio 10.0\VC\bin\CL.exe /c /AI"C:\Program Files\Reference Assemblies\Microsoft\Framework\.NETFramework\v4.0" /Zi /clr /nologo /W3 /WX- /Od /Oy- /D WIN32 /D _DEBUG /D _UNICODE /D UNICODE /EHa /MDd /GS /fp:precise /Zc:wchar_t /Zc:forScope /Yc"StdAfx.h" /Fp"Debug\TicTacToe.pch" /Fo"Debug\\" /Fd"Debug\vc100.pdb" /TP /FU"C:\Program Files\Reference Assemblies\Microsoft\Framework\.NETFramework\v4.0\System.Core.dll" /FU"C:\Program Files\Reference Assemblies\Microsoft\Framework\.NETFramework\v4.0\System.Data.dll" /FU"C:\Program Files\Reference Assemblies\Microsoft\Framework\.NETFramework\v4.0\System.dll" /FU"C:\Program Files\Reference Assemblies\Microsoft\Framework\.NETFramework\v4.0\System.Drawing.dll" /FU"C:\Program Files\Reference Assemblies\Microsoft\Framework\.NETFramework\v4.0\System.Windows.Forms.dll" /FU"C:\Program Files\Reference Assemblies\Microsoft\Framework\.NETFramework\v4.0\System.Xml.dll" /analyze- /errorReport:prompt stdafx.cpp /clr:nostdlib 
         stdafx.cpp
         c:\Program Files\Microsoft Visual Studio 10.0\VC\bin\CL.exe /c /AI"C:\Program Files\Reference Assemblies\Microsoft\Framework\.NETFramework\v4.0" /Zi /clr /nologo /W3 /WX- /Od /Oy- /D WIN32 /D _DEBUG /D _UNICODE /D UNICODE /EHa /MDd /GS /fp:precise /Zc:wchar_t /Zc:forScope /Yu"StdAfx.h" /Fp"Debug\TicTacToe.pch" /Fo"Debug\\" /Fd"Debug\vc100.pdb" /TP /FU"C:\Program Files\Reference Assemblies\Microsoft\Framework\.NETFramework\v4.0\System.Core.dll" /FU"C:\Program Files\Reference Assemblies\Microsoft\Framework\.NETFramework\v4.0\System.Data.dll" /FU"C:\Program Files\Reference Assemblies\Microsoft\Framework\.NETFramework\v4.0\System.dll" /FU"C:\Program Files\Reference Assemblies\Microsoft\Framework\.NETFramework\v4.0\System.Drawing.dll" /FU"C:\Program Files\Reference Assemblies\Microsoft\Framework\.NETFramework\v4.0\System.Windows.Forms.dll" /FU"C:\Program Files\Reference Assemblies\Microsoft\Framework\.NETFramework\v4.0\System.Xml.dll" /analyze- /errorReport:prompt AI.cpp AssemblyInfo.cpp Board.cpp Game.cpp Player.cpp TicTacToe.cpp TicTacToeAI.cpp TicTacToeBoard.cpp TicTacToeGame.cpp TicTacToePlayer.cpp /clr:nostdlib 
         AI.cpp
         AssemblyInfo.cpp
         Board.cpp
         Game.cpp
         Player.cpp
         TicTacToe.cpp
         TicTacToeAI.cpp
         TicTacToeBoard.cpp
         TicTacToeGame.cpp
         TicTacToePlayer.cpp
         Generating Code...
         c:\Program Files\Microsoft Visual Studio 10.0\VC\bin\CL.exe /c /Zi /clr /nologo /W3 /WX- /Od /Oy- /D WIN32 /D _DEBUG /D _UNICODE /D UNICODE /EHa /MDd /GS /fp:precise /Zc:wchar_t /Zc:forScope /Fo"Debug\\" /Fd"Debug\vc100.pdb" /TP /analyze- /errorReport:prompt "C:\Documents and Settings\Marcin\Ustawienia lokalne\Temp\.NETFramework,Version=v4.0.AssemblyAttributes.cpp"
         .NETFramework,Version=v4.0.AssemblyAttributes.cpp
       ResourceCompile:
         C:\Program Files\Microsoft SDKs\Windows\v7.0A\bin\rc.exe /D _UNICODE /D UNICODE /l"0x0409" /nologo /fo"Debug\app.res" app.rc 
       Link:
         c:\Program Files\Microsoft Visual Studio 10.0\VC\bin\link.exe /ERRORREPORT:PROMPT /OUT:"C:\Sources\Gry\Games\Games\Debug\TicTacToe.exe" /INCREMENTAL /NOLOGO /MANIFEST /ManifestFile:"Debug\TicTacToe.exe.intermediate.manifest" /MANIFESTUAC:"level='asInvoker' uiAccess='false'" /DEBUG /PDB:"C:\Sources\Gry\Games\Games\Debug\TicTacToe.pdb" /ASSEMBLYDEBUG /TLBID:1 /DYNAMICBASE /FIXED:NO /NXCOMPAT /MACHINE:X86 Debug\app.res
         Debug\AI.obj
         Debug\AssemblyInfo.obj
         Debug\Board.obj
         Debug\Game.obj
         Debug\Player.obj
         Debug\TicTacToe.obj
         Debug\stdafx.obj
         Debug\TicTacToeAI.obj
         Debug\TicTacToeBoard.obj
         Debug\TicTacToeGame.obj
         Debug\TicTacToePlayer.obj
         "Debug\.NETFramework,Version=v4.0.AssemblyAttributes.obj"
         GameTicTacToe.vcxproj -> C:\Sources\Gry\Games\Games\Debug\TicTacToe.exe
       Manifest:
         C:\Program Files\Microsoft SDKs\Windows\v7.0A\bin\mt.exe /nologo /verbose /outputresource:"C:\Sources\Gry\Games\Games\Debug\TicTacToe.exe;#1" /manifest Debug\TicTacToe.exe.intermediate.manifest
       FinalizeBuildStatus:
         Deleting file "Debug\TicTacToe.unsuccessfulbuild".
         Touching "Debug\TicTacToe.lastbuildstate".
     1>Done Building Project "C:\Sources\Gry\Games\Games\GameTicTacToe\GameTicTacToe.vcxproj" (rebuild target(s)).

Build succeeded.

Time Elapsed 00:00:05.46
