C:\SOURCES\GRY\GAMES\GAMES\DEBUG\TICTACTOE.EXE
C:\SOURCES\GRY\GAMES\GAMES\DEBUG\TICTACTOE.ILK
C:\SOURCES\GRY\GAMES\GAMES\DEBUG\TICTACTOE.PDB
C:\SOURCES\GRY\GAMES\GAMES\GAMETICTACTOE\DEBUG\.NETFRAMEWORK,VERSION=V4.0.ASSEMBLYATTRIBUTES.OBJ
C:\SOURCES\GRY\GAMES\GAMES\GAMETICTACTOE\DEBUG\AI.OBJ
C:\SOURCES\GRY\GAMES\GAMES\GAMETICTACTOE\DEBUG\APP.RES
C:\SOURCES\GRY\GAMES\GAMES\GAMETICTACTOE\DEBUG\ASSEMBLYINFO.OBJ
C:\SOURCES\GRY\GAMES\GAMES\GAMETICTACTOE\DEBUG\BOARD.OBJ
C:\Sources\Gry\Games\Games\GameTicTacToe\Debug\cl.command.1.tlog
C:\Sources\Gry\Games\Games\GameTicTacToe\Debug\CL.read.1.tlog
C:\Sources\Gry\Games\Games\GameTicTacToe\Debug\CL.write.1.tlog
C:\SOURCES\GRY\GAMES\GAMES\GAMETICTACTOE\DEBUG\GAME.OBJ
C:\Sources\Gry\Games\Games\GameTicTacToe\Debug\link.424.read.1.tlog
C:\Sources\Gry\Games\Games\GameTicTacToe\Debug\link.424.write.1.tlog
C:\Sources\Gry\Games\Games\GameTicTacToe\Debug\link.424-cvtres.read.1.tlog
C:\Sources\Gry\Games\Games\GameTicTacToe\Debug\link.424-cvtres.write.1.tlog
C:\Sources\Gry\Games\Games\GameTicTacToe\Debug\link.4280.read.1.tlog
C:\Sources\Gry\Games\Games\GameTicTacToe\Debug\link.4280.write.1.tlog
C:\Sources\Gry\Games\Games\GameTicTacToe\Debug\link.4280-cvtres.read.1.tlog
C:\Sources\Gry\Games\Games\GameTicTacToe\Debug\link.4280-cvtres.write.1.tlog
C:\Sources\Gry\Games\Games\GameTicTacToe\Debug\link.4332.read.1.tlog
C:\Sources\Gry\Games\Games\GameTicTacToe\Debug\link.4332.write.1.tlog
C:\Sources\Gry\Games\Games\GameTicTacToe\Debug\link.4332-cvtres.read.1.tlog
C:\Sources\Gry\Games\Games\GameTicTacToe\Debug\link.4332-cvtres.write.1.tlog
C:\Sources\Gry\Games\Games\GameTicTacToe\Debug\link.4656.read.1.tlog
C:\Sources\Gry\Games\Games\GameTicTacToe\Debug\link.4656.write.1.tlog
C:\Sources\Gry\Games\Games\GameTicTacToe\Debug\link.4656-cvtres.read.1.tlog
C:\Sources\Gry\Games\Games\GameTicTacToe\Debug\link.4656-cvtres.write.1.tlog
C:\Sources\Gry\Games\Games\GameTicTacToe\Debug\link.6112.read.1.tlog
C:\Sources\Gry\Games\Games\GameTicTacToe\Debug\link.6112.write.1.tlog
C:\Sources\Gry\Games\Games\GameTicTacToe\Debug\link.6112-cvtres.read.1.tlog
C:\Sources\Gry\Games\Games\GameTicTacToe\Debug\link.6112-cvtres.write.1.tlog
C:\Sources\Gry\Games\Games\GameTicTacToe\Debug\link.command.1.tlog
C:\Sources\Gry\Games\Games\GameTicTacToe\Debug\link.read.1.tlog
C:\Sources\Gry\Games\Games\GameTicTacToe\Debug\link.write.1.tlog
C:\Sources\Gry\Games\Games\GameTicTacToe\Debug\mt.command.1.tlog
C:\Sources\Gry\Games\Games\GameTicTacToe\Debug\mt.read.1.tlog
C:\Sources\Gry\Games\Games\GameTicTacToe\Debug\mt.write.1.tlog
C:\SOURCES\GRY\GAMES\GAMES\GAMETICTACTOE\DEBUG\PLAYER.OBJ
C:\Sources\Gry\Games\Games\GameTicTacToe\Debug\rc.command.1.tlog
C:\Sources\Gry\Games\Games\GameTicTacToe\Debug\rc.read.1.tlog
C:\Sources\Gry\Games\Games\GameTicTacToe\Debug\rc.write.1.tlog
C:\SOURCES\GRY\GAMES\GAMES\GAMETICTACTOE\DEBUG\STDAFX.OBJ
C:\SOURCES\GRY\GAMES\GAMES\GAMETICTACTOE\DEBUG\TICTACTOE.EXE.INTERMEDIATE.MANIFEST
C:\SOURCES\GRY\GAMES\GAMES\GAMETICTACTOE\DEBUG\TICTACTOE.OBJ
C:\SOURCES\GRY\GAMES\GAMES\GAMETICTACTOE\DEBUG\TICTACTOE.PCH
C:\Sources\Gry\Games\Games\GameTicTacToe\Debug\TicTacToe.write.1.tlog
C:\SOURCES\GRY\GAMES\GAMES\GAMETICTACTOE\DEBUG\TICTACTOEAI.OBJ
C:\SOURCES\GRY\GAMES\GAMES\GAMETICTACTOE\DEBUG\TICTACTOEBOARD.OBJ
C:\SOURCES\GRY\GAMES\GAMES\GAMETICTACTOE\DEBUG\TICTACTOEGAME.OBJ
C:\SOURCES\GRY\GAMES\GAMES\GAMETICTACTOE\DEBUG\TICTACTOEPLAYER.OBJ
C:\SOURCES\GRY\GAMES\GAMES\GAMETICTACTOE\DEBUG\VC100.PDB
