d:\dane\gry\games\games\otello\release\otello.pch
d:\dane\gry\games\games\otello\release\vc140.pdb
d:\dane\gry\games\games\otello\release\stdafx.obj
d:\dane\gry\games\games\otello\release\otello.obj
d:\sources\github\console-games\otello\release\otello.pch
d:\sources\github\console-games\otello\release\vc140.pdb
d:\sources\github\console-games\otello\release\stdafx.obj
d:\sources\github\console-games\otello\release\otello.obj
d:\dane\gry\games\games\release\otello.exe
d:\dane\gry\games\games\release\otello.pdb
d:\sources\github\console-games\release\otello.exe
d:\sources\github\console-games\release\otello.ipdb
d:\sources\github\console-games\release\otello.iobj
d:\sources\github\console-games\release\otello.pdb
d:\sources\github\console-games\otello\release\otello.tlog\cl.command.1.tlog
d:\sources\github\console-games\otello\release\otello.tlog\cl.read.1.tlog
d:\sources\github\console-games\otello\release\otello.tlog\cl.write.1.tlog
d:\sources\github\console-games\otello\release\otello.tlog\link.command.1.tlog
d:\sources\github\console-games\otello\release\otello.tlog\link.read.1.tlog
d:\sources\github\console-games\otello\release\otello.tlog\link.write.1.tlog
