C:\SOURCES\GRY\GAMES\GAMES\DEBUG\BACKGAMMON.EXE
C:\SOURCES\GRY\GAMES\GAMES\DEBUG\BACKGAMMON.ILK
C:\SOURCES\GRY\GAMES\GAMES\DEBUG\BACKGAMMON.PDB
C:\SOURCES\GRY\GAMES\GAMES\GAMEBACKGAMMON\DEBUG\.NETFRAMEWORK,VERSION=V4.0.ASSEMBLYATTRIBUTES.OBJ
C:\SOURCES\GRY\GAMES\GAMES\GAMEBACKGAMMON\DEBUG\AI.OBJ
C:\SOURCES\GRY\GAMES\GAMES\GAMEBACKGAMMON\DEBUG\APP.RES
C:\SOURCES\GRY\GAMES\GAMES\GAMEBACKGAMMON\DEBUG\ASSEMBLYINFO.OBJ
C:\SOURCES\GRY\GAMES\GAMES\GAMEBACKGAMMON\DEBUG\BACKGAMMON.EXE.INTERMEDIATE.MANIFEST
C:\SOURCES\GRY\GAMES\GAMES\GAMEBACKGAMMON\DEBUG\BACKGAMMON.OBJ
C:\SOURCES\GRY\GAMES\GAMES\GAMEBACKGAMMON\DEBUG\BACKGAMMON.PCH
C:\Sources\Gry\Games\Games\GameBackgammon\Debug\Backgammon.write.1.tlog
C:\SOURCES\GRY\GAMES\GAMES\GAMEBACKGAMMON\DEBUG\BACKGAMMONBOARD.OBJ
C:\SOURCES\GRY\GAMES\GAMES\GAMEBACKGAMMON\DEBUG\BACKGAMMONGAME.OBJ
C:\SOURCES\GRY\GAMES\GAMES\GAMEBACKGAMMON\DEBUG\BACKGAMMONPLAYER.OBJ
C:\SOURCES\GRY\GAMES\GAMES\GAMEBACKGAMMON\DEBUG\BOARD.OBJ
C:\Sources\Gry\Games\Games\GameBackgammon\Debug\cl.command.1.tlog
C:\Sources\Gry\Games\Games\GameBackgammon\Debug\CL.read.1.tlog
C:\Sources\Gry\Games\Games\GameBackgammon\Debug\CL.write.1.tlog
C:\SOURCES\GRY\GAMES\GAMES\GAMEBACKGAMMON\DEBUG\GAME.OBJ
C:\Sources\Gry\Games\Games\GameBackgammon\Debug\link.1560.read.1.tlog
C:\Sources\Gry\Games\Games\GameBackgammon\Debug\link.1560.write.1.tlog
C:\Sources\Gry\Games\Games\GameBackgammon\Debug\link.1560-cvtres.read.1.tlog
C:\Sources\Gry\Games\Games\GameBackgammon\Debug\link.1560-cvtres.write.1.tlog
C:\Sources\Gry\Games\Games\GameBackgammon\Debug\link.1568.read.1.tlog
C:\Sources\Gry\Games\Games\GameBackgammon\Debug\link.1568.write.1.tlog
C:\Sources\Gry\Games\Games\GameBackgammon\Debug\link.1568-cvtres.read.1.tlog
C:\Sources\Gry\Games\Games\GameBackgammon\Debug\link.1568-cvtres.write.1.tlog
C:\Sources\Gry\Games\Games\GameBackgammon\Debug\link.4696.read.1.tlog
C:\Sources\Gry\Games\Games\GameBackgammon\Debug\link.4696.write.1.tlog
C:\Sources\Gry\Games\Games\GameBackgammon\Debug\link.4696-cvtres.read.1.tlog
C:\Sources\Gry\Games\Games\GameBackgammon\Debug\link.4696-cvtres.write.1.tlog
C:\Sources\Gry\Games\Games\GameBackgammon\Debug\link.4820.read.1.tlog
C:\Sources\Gry\Games\Games\GameBackgammon\Debug\link.4820.write.1.tlog
C:\Sources\Gry\Games\Games\GameBackgammon\Debug\link.4820-cvtres.read.1.tlog
C:\Sources\Gry\Games\Games\GameBackgammon\Debug\link.4820-cvtres.write.1.tlog
C:\Sources\Gry\Games\Games\GameBackgammon\Debug\link.4984.read.1.tlog
C:\Sources\Gry\Games\Games\GameBackgammon\Debug\link.4984.write.1.tlog
C:\Sources\Gry\Games\Games\GameBackgammon\Debug\link.4984-cvtres.read.1.tlog
C:\Sources\Gry\Games\Games\GameBackgammon\Debug\link.4984-cvtres.write.1.tlog
C:\Sources\Gry\Games\Games\GameBackgammon\Debug\link.512.read.1.tlog
C:\Sources\Gry\Games\Games\GameBackgammon\Debug\link.512.write.1.tlog
C:\Sources\Gry\Games\Games\GameBackgammon\Debug\link.512-cvtres.read.1.tlog
C:\Sources\Gry\Games\Games\GameBackgammon\Debug\link.512-cvtres.write.1.tlog
C:\Sources\Gry\Games\Games\GameBackgammon\Debug\link.5136.read.1.tlog
C:\Sources\Gry\Games\Games\GameBackgammon\Debug\link.5136.write.1.tlog
C:\Sources\Gry\Games\Games\GameBackgammon\Debug\link.5136-cvtres.read.1.tlog
C:\Sources\Gry\Games\Games\GameBackgammon\Debug\link.5136-cvtres.write.1.tlog
C:\Sources\Gry\Games\Games\GameBackgammon\Debug\link.5376.read.1.tlog
C:\Sources\Gry\Games\Games\GameBackgammon\Debug\link.5376.write.1.tlog
C:\Sources\Gry\Games\Games\GameBackgammon\Debug\link.5376-cvtres.read.1.tlog
C:\Sources\Gry\Games\Games\GameBackgammon\Debug\link.5376-cvtres.write.1.tlog
C:\Sources\Gry\Games\Games\GameBackgammon\Debug\link.6172.read.1.tlog
C:\Sources\Gry\Games\Games\GameBackgammon\Debug\link.6172.write.1.tlog
C:\Sources\Gry\Games\Games\GameBackgammon\Debug\link.6172-cvtres.read.1.tlog
C:\Sources\Gry\Games\Games\GameBackgammon\Debug\link.6172-cvtres.write.1.tlog
C:\Sources\Gry\Games\Games\GameBackgammon\Debug\link.6268.read.1.tlog
C:\Sources\Gry\Games\Games\GameBackgammon\Debug\link.6268.write.1.tlog
C:\Sources\Gry\Games\Games\GameBackgammon\Debug\link.6268-cvtres.read.1.tlog
C:\Sources\Gry\Games\Games\GameBackgammon\Debug\link.6268-cvtres.write.1.tlog
C:\Sources\Gry\Games\Games\GameBackgammon\Debug\link.6420.read.1.tlog
C:\Sources\Gry\Games\Games\GameBackgammon\Debug\link.6420.write.1.tlog
C:\Sources\Gry\Games\Games\GameBackgammon\Debug\link.6420-cvtres.read.1.tlog
C:\Sources\Gry\Games\Games\GameBackgammon\Debug\link.6420-cvtres.write.1.tlog
C:\Sources\Gry\Games\Games\GameBackgammon\Debug\link.6504.read.1.tlog
C:\Sources\Gry\Games\Games\GameBackgammon\Debug\link.6504.write.1.tlog
C:\Sources\Gry\Games\Games\GameBackgammon\Debug\link.6504-cvtres.read.1.tlog
C:\Sources\Gry\Games\Games\GameBackgammon\Debug\link.6504-cvtres.write.1.tlog
C:\Sources\Gry\Games\Games\GameBackgammon\Debug\link.6684.read.1.tlog
C:\Sources\Gry\Games\Games\GameBackgammon\Debug\link.6684.write.1.tlog
C:\Sources\Gry\Games\Games\GameBackgammon\Debug\link.6684-cvtres.read.1.tlog
C:\Sources\Gry\Games\Games\GameBackgammon\Debug\link.6684-cvtres.write.1.tlog
C:\Sources\Gry\Games\Games\GameBackgammon\Debug\link.7616.read.1.tlog
C:\Sources\Gry\Games\Games\GameBackgammon\Debug\link.7616.write.1.tlog
C:\Sources\Gry\Games\Games\GameBackgammon\Debug\link.7616-cvtres.read.1.tlog
C:\Sources\Gry\Games\Games\GameBackgammon\Debug\link.7616-cvtres.write.1.tlog
C:\Sources\Gry\Games\Games\GameBackgammon\Debug\link.7848.read.1.tlog
C:\Sources\Gry\Games\Games\GameBackgammon\Debug\link.7848.write.1.tlog
C:\Sources\Gry\Games\Games\GameBackgammon\Debug\link.7848-cvtres.read.1.tlog
C:\Sources\Gry\Games\Games\GameBackgammon\Debug\link.7848-cvtres.write.1.tlog
C:\Sources\Gry\Games\Games\GameBackgammon\Debug\link.command.1.tlog
C:\Sources\Gry\Games\Games\GameBackgammon\Debug\link.read.1.tlog
C:\Sources\Gry\Games\Games\GameBackgammon\Debug\link.write.1.tlog
C:\Sources\Gry\Games\Games\GameBackgammon\Debug\mt.command.1.tlog
C:\Sources\Gry\Games\Games\GameBackgammon\Debug\mt.read.1.tlog
C:\Sources\Gry\Games\Games\GameBackgammon\Debug\mt.write.1.tlog
C:\SOURCES\GRY\GAMES\GAMES\GAMEBACKGAMMON\DEBUG\PLAYER.OBJ
C:\Sources\Gry\Games\Games\GameBackgammon\Debug\rc.command.1.tlog
C:\Sources\Gry\Games\Games\GameBackgammon\Debug\rc.read.1.tlog
C:\Sources\Gry\Games\Games\GameBackgammon\Debug\rc.write.1.tlog
C:\SOURCES\GRY\GAMES\GAMES\GAMEBACKGAMMON\DEBUG\STDAFX.OBJ
C:\SOURCES\GRY\GAMES\GAMES\GAMEBACKGAMMON\DEBUG\VC100.PDB
