Build started 2012-07-17 19:04:37.
     1>Project "C:\Sources\Gry\Games\Games\GameBackgammon\GameBackgammon.vcxproj" on node 2 (build target(s)).
     1>InitializeBuildStatus:
         Creating "Debug\Backgammon.unsuccessfulbuild" because "AlwaysCreate" was specified.
       GenerateTargetFrameworkMonikerAttribute:
       Skipping target "GenerateTargetFrameworkMonikerAttribute" because all output files are up-to-date with respect to the input files.
       ClCompile:
         All outputs are up-to-date.
         c:\Program Files\Microsoft Visual Studio 10.0\VC\bin\CL.exe /c /AI"C:\Program Files\Reference Assemblies\Microsoft\Framework\.NETFramework\v4.0" /Zi /clr /nologo /W3 /WX- /Od /Oy- /D WIN32 /D _DEBUG /D _UNICODE /D UNICODE /EHa /MDd /GS /fp:precise /Zc:wchar_t /Zc:forScope /Yu"StdAfx.h" /Fp"Debug\Backgammon.pch" /Fo"Debug\\" /Fd"Debug\vc100.pdb" /TP /FU"C:\Program Files\Reference Assemblies\Microsoft\Framework\.NETFramework\v4.0\System.Core.dll" /FU"C:\Program Files\Reference Assemblies\Microsoft\Framework\.NETFramework\v4.0\System.Data.dll" /FU"C:\Program Files\Reference Assemblies\Microsoft\Framework\.NETFramework\v4.0\System.dll" /FU"C:\Program Files\Reference Assemblies\Microsoft\Framework\.NETFramework\v4.0\System.Xml.dll" /analyze- /errorReport:prompt Backgammon.cpp BackgammonGame.cpp /clr:nostdlib 
         Backgammon.cpp
         BackgammonGame.cpp
         Generating Code...
         All outputs are up-to-date.
       ResourceCompile:
         All outputs are up-to-date.
       Link:
         c:\Program Files\Microsoft Visual Studio 10.0\VC\bin\link.exe /ERRORREPORT:PROMPT /OUT:"C:\Sources\Gry\Games\Games\Debug\Backgammon.exe" /INCREMENTAL /NOLOGO /MANIFEST /ManifestFile:"Debug\Backgammon.exe.intermediate.manifest" /MANIFESTUAC:"level='asInvoker' uiAccess='false'" /DEBUG /PDB:"C:\Sources\Gry\Games\Games\Debug\Backgammon.pdb" /ASSEMBLYDEBUG /TLBID:1 /DYNAMICBASE /FIXED:NO /NXCOMPAT /MACHINE:X86 Debug\app.res
         Debug\AI.obj
         Debug\AssemblyInfo.obj
         Debug\BackgammonAI.obj
         Debug\BackgammonBoard.obj
         Debug\BackgammonGame.obj
         Debug\Backgammon.obj
         Debug\BackgammonPlayer.obj
         Debug\Board.obj
         Debug\Game.obj
         Debug\Player.obj
         Debug\stdafx.obj
         "Debug\.NETFramework,Version=v4.0.AssemblyAttributes.obj"
         GameBackgammon.vcxproj -> C:\Sources\Gry\Games\Games\Debug\Backgammon.exe
       Manifest:
         C:\Program Files\Microsoft SDKs\Windows\v7.0A\bin\mt.exe /nologo /verbose /outputresource:"C:\Sources\Gry\Games\Games\Debug\Backgammon.exe;#1" /manifest Debug\Backgammon.exe.intermediate.manifest
       FinalizeBuildStatus:
         Deleting file "Debug\Backgammon.unsuccessfulbuild".
         Touching "Debug\Backgammon.lastbuildstate".
     1>Done Building Project "C:\Sources\Gry\Games\Games\GameBackgammon\GameBackgammon.vcxproj" (build target(s)).

Build succeeded.

Time Elapsed 00:00:01.78
