C:\SOURCES\GRY\GAMES\TICTACTOE\GRAKOLKOIKRZYZYK\RELEASE\.NETFRAMEWORK,VERSION=V4.0.ASSEMBLYATTRIBUTES.OBJ
C:\SOURCES\GRY\GAMES\TICTACTOE\GRAKOLKOIKRZYZYK\RELEASE\AI.OBJ
C:\SOURCES\GRY\GAMES\TICTACTOE\GRAKOLKOIKRZYZYK\RELEASE\APP.RES
C:\SOURCES\GRY\GAMES\TICTACTOE\GRAKOLKOIKRZYZYK\RELEASE\ASSEMBLYINFO.OBJ
C:\Sources\Gry\Games\TicTacToe\GraKolkoIKrzyzyk\Release\cl.command.1.tlog
C:\Sources\Gry\Games\TicTacToe\GraKolkoIKrzyzyk\Release\CL.read.1.tlog
C:\Sources\Gry\Games\TicTacToe\GraKolkoIKrzyzyk\Release\CL.write.1.tlog
C:\SOURCES\GRY\GAMES\TICTACTOE\GRAKOLKOIKRZYZYK\RELEASE\GAME.OBJ
C:\SOURCES\GRY\GAMES\TICTACTOE\GRAKOLKOIKRZYZYK\RELEASE\GAMETICTACTOE.EXE.INTERMEDIATE.MANIFEST
C:\SOURCES\GRY\GAMES\TICTACTOE\GRAKOLKOIKRZYZYK\RELEASE\GAMETICTACTOE.PCH
C:\Sources\Gry\Games\TicTacToe\GraKolkoIKrzyzyk\Release\GameTicTacToe.write.1.tlog
C:\Sources\Gry\Games\TicTacToe\GraKolkoIKrzyzyk\Release\link.command.1.tlog
C:\Sources\Gry\Games\TicTacToe\GraKolkoIKrzyzyk\Release\link.read.1.tlog
C:\Sources\Gry\Games\TicTacToe\GraKolkoIKrzyzyk\Release\link.write.1.tlog
C:\Sources\Gry\Games\TicTacToe\GraKolkoIKrzyzyk\Release\link-cvtres.read.1.tlog
C:\Sources\Gry\Games\TicTacToe\GraKolkoIKrzyzyk\Release\link-cvtres.write.1.tlog
C:\Sources\Gry\Games\TicTacToe\GraKolkoIKrzyzyk\Release\mt.command.1.tlog
C:\Sources\Gry\Games\TicTacToe\GraKolkoIKrzyzyk\Release\mt.read.1.tlog
C:\Sources\Gry\Games\TicTacToe\GraKolkoIKrzyzyk\Release\mt.write.1.tlog
C:\SOURCES\GRY\GAMES\TICTACTOE\GRAKOLKOIKRZYZYK\RELEASE\PLAYER.OBJ
C:\Sources\Gry\Games\TicTacToe\GraKolkoIKrzyzyk\Release\rc.command.1.tlog
C:\Sources\Gry\Games\TicTacToe\GraKolkoIKrzyzyk\Release\rc.read.1.tlog
C:\Sources\Gry\Games\TicTacToe\GraKolkoIKrzyzyk\Release\rc.write.1.tlog
C:\Sources\Gry\Games\TicTacToe\GraKolkoIKrzyzyk\Release\ResolveAssemblyReference.cache
C:\SOURCES\GRY\GAMES\TICTACTOE\GRAKOLKOIKRZYZYK\RELEASE\STDAFX.OBJ
C:\SOURCES\GRY\GAMES\TICTACTOE\GRAKOLKOIKRZYZYK\RELEASE\TICTACTOE.OBJ
C:\SOURCES\GRY\GAMES\TICTACTOE\GRAKOLKOIKRZYZYK\RELEASE\TICTACTOEAI.OBJ
C:\SOURCES\GRY\GAMES\TICTACTOE\GRAKOLKOIKRZYZYK\RELEASE\TICTACTOEBOARD.OBJ
C:\SOURCES\GRY\GAMES\TICTACTOE\GRAKOLKOIKRZYZYK\RELEASE\TICTACTOEGAME.OBJ
C:\SOURCES\GRY\GAMES\TICTACTOE\GRAKOLKOIKRZYZYK\RELEASE\TICTACTOEPLAYER.OBJ
C:\SOURCES\GRY\GAMES\TICTACTOE\GRAKOLKOIKRZYZYK\RELEASE\VC100.PDB
C:\SOURCES\GRY\GAMES\TICTACTOE\RELEASE\GAMETICTACTOE.EXE
C:\SOURCES\GRY\GAMES\TICTACTOE\RELEASE\GAMETICTACTOE.PDB
