Build started 2012-06-02 15:39:47.
     1>Project "C:\Sources\Gry\Games\Games\GameTicTacToe\GraKolkoIKrzyzyk.vcxproj" on node 2 (build target(s)).
     1>InitializeBuildStatus:
         Creating "Release\TicTacToe.unsuccessfulbuild" because "AlwaysCreate" was specified.
       GenerateTargetFrameworkMonikerAttribute:
       Skipping target "GenerateTargetFrameworkMonikerAttribute" because all output files are up-to-date with respect to the input files.
       ClCompile:
         All outputs are up-to-date.
         All outputs are up-to-date.
         All outputs are up-to-date.
       ResourceCompile:
         All outputs are up-to-date.
       Link:
         All outputs are up-to-date.
         GraKolkoIKrzyzyk.vcxproj -> C:\Sources\Gry\Games\Games\Release\TicTacToe.exe
       FinalizeBuildStatus:
         Deleting file "Release\TicTacToe.unsuccessfulbuild".
         Touching "Release\TicTacToe.lastbuildstate".
     1>Done Building Project "C:\Sources\Gry\Games\Games\GameTicTacToe\GraKolkoIKrzyzyk.vcxproj" (build target(s)).

Build succeeded.

Time Elapsed 00:00:00.12
