d:\dane\gry\games\games\gametictactoe\release\vc140.pdb
d:\dane\gry\games\games\gametictactoe\release\tictactoeplayer.obj
d:\dane\gry\games\games\gametictactoe\release\tictactoegame.obj
d:\dane\gry\games\games\gametictactoe\release\tictactoeboard.obj
d:\dane\gry\games\games\gametictactoe\release\tictactoeai.obj
d:\dane\gry\games\games\gametictactoe\release\tictactoe.obj
d:\dane\gry\games\games\gametictactoe\release\player.obj
d:\dane\gry\games\games\gametictactoe\release\game.obj
d:\dane\gry\games\games\gametictactoe\release\board.obj
d:\dane\gry\games\games\gametictactoe\release\assemblyinfo.obj
d:\dane\gry\games\games\gametictactoe\release\ai.obj
d:\dane\gry\games\games\gametictactoe\release\tictactoe.pch
d:\dane\gry\games\games\gametictactoe\release\stdafx.obj
d:\dane\gry\games\games\gametictactoe\release\.netframework,version=v4.5.2.assemblyattributes.obj
d:\dane\gry\games\games\gametictactoe\release\.netframework,version=v4.5.2.assemblyattributes.asm
d:\sources\github\console-games\gametictactoe\release\tictactoe.pch
d:\sources\github\console-games\gametictactoe\release\vc140.pdb
d:\sources\github\console-games\gametictactoe\release\stdafx.obj
d:\sources\github\console-games\gametictactoe\release\tictactoeplayer.obj
d:\sources\github\console-games\gametictactoe\release\tictactoegame.obj
d:\sources\github\console-games\gametictactoe\release\tictactoeboard.obj
d:\sources\github\console-games\gametictactoe\release\tictactoeai.obj
d:\sources\github\console-games\gametictactoe\release\tictactoe.obj
d:\sources\github\console-games\gametictactoe\release\player.obj
d:\sources\github\console-games\gametictactoe\release\game.obj
d:\sources\github\console-games\gametictactoe\release\board.obj
d:\sources\github\console-games\gametictactoe\release\assemblyinfo.obj
d:\sources\github\console-games\gametictactoe\release\ai.obj
d:\dane\gry\games\games\release\tictactoe.exe
d:\dane\gry\games\games\release\tictactoe.pdb
d:\sources\github\console-games\release\tictactoe.exe
d:\sources\github\console-games\release\tictactoe.pdb
d:\dane\gry\games\games\gametictactoe\release\app.res
d:\sources\github\console-games\gametictactoe\release\app.res
d:\sources\github\console-games\gametictactoe\release\gametictactoe.vcxprojresolveassemblyreference.cache
d:\sources\github\console-games\gametictactoe\release\.netframework,version=v4.5.2.assemblyattributes.obj
d:\sources\github\console-games\gametictactoe\release\tictactoe.tlog\cl.command.1.tlog
d:\sources\github\console-games\gametictactoe\release\tictactoe.tlog\cl.read.1.tlog
d:\sources\github\console-games\gametictactoe\release\tictactoe.tlog\cl.write.1.tlog
d:\sources\github\console-games\gametictactoe\release\tictactoe.tlog\link.command.1.tlog
d:\sources\github\console-games\gametictactoe\release\tictactoe.tlog\link.read.1.tlog
d:\sources\github\console-games\gametictactoe\release\tictactoe.tlog\link.write.1.tlog
d:\sources\github\console-games\gametictactoe\release\tictactoe.tlog\metagen.read.1.tlog
d:\sources\github\console-games\gametictactoe\release\tictactoe.tlog\metagen.write.1.tlog
d:\sources\github\console-games\gametictactoe\release\tictactoe.tlog\rc.command.1.tlog
d:\sources\github\console-games\gametictactoe\release\tictactoe.tlog\rc.read.1.tlog
d:\sources\github\console-games\gametictactoe\release\tictactoe.tlog\rc.write.1.tlog
d:\sources\github\console-games\gametictactoe\release\tictactoe.tlog\tzres.dll.bi
